
Attaching package: ‘dplyr’

The following objects are masked from ‘package:stats’:

    filter, lag

The following objects are masked from ‘package:base’:

    intersect, setdiff, setequal, union

Loading required package: SeuratObject
Loading required package: sp
‘SeuratObject’ was built with package ‘Matrix’ 1.6.5 but the current
version is 1.7.1; it is recomended that you reinstall ‘SeuratObject’ as
the ABI for ‘Matrix’ may have changed

Attaching package: ‘SeuratObject’

The following objects are masked from ‘package:base’:

    intersect, t


Attaching package: ‘anndata’

The following object is masked from ‘package:SeuratObject’:

    Layers


Attaching package: ‘readxl’

The following object is masked from ‘package:anndata’:

    read_excel


Attaching package: ‘data.table’

The following objects are masked from ‘package:dplyr’:

    between, first, last



Attaching package: ‘dplyr’

The following objects are masked from ‘package:stats’:

    filter, lag

The following objects are masked from ‘package:base’:

    intersect, setdiff, setequal, union

Loading required package: SeuratObject
Loading required package: sp
‘SeuratObject’ was built with package ‘Matrix’ 1.6.5 but the current
version is 1.7.1; it is recomended that you reinstall ‘SeuratObject’ as
the ABI for ‘Matrix’ may have changed

Attaching package: ‘SeuratObject’

The following objects are masked from ‘package:base’:

    intersect, t


Attaching package: ‘anndata’

The following object is masked from ‘package:SeuratObject’:

    Layers


Attaching package: ‘readxl’

The following object is masked from ‘package:anndata’:

    read_excel


Attaching package: ‘data.table’

The following objects are masked from ‘package:dplyr’:

    between, first, last


