Failed to process 20241230_pomt1_neg_1_JR12700_S145_L008_fastp_report.html
uk.ac.babraham.FastQC.Sequence.SequenceFormatException: ID line didn't start with '@'
	at uk.ac.babraham.FastQC.Sequence.FastQFile.readNext(FastQFile.java:158)
	at uk.ac.babraham.FastQC.Sequence.FastQFile.<init>(FastQFile.java:89)
	at uk.ac.babraham.FastQC.Sequence.SequenceFactory.getSequenceFile(SequenceFactory.java:87)
	at uk.ac.babraham.FastQC.Sequence.SequenceFactory.getSequenceFile(SequenceFactory.java:62)
	at uk.ac.babraham.FastQC.Analysis.OfflineRunner.processFile(OfflineRunner.java:159)
	at uk.ac.babraham.FastQC.Analysis.OfflineRunner.<init>(OfflineRunner.java:121)
	at uk.ac.babraham.FastQC.FastQCApplication.main(FastQCApplication.java:316)
Failed to process 20241230_pomt1_neg_1_JR12700_S145_L008_fastp_report.json
uk.ac.babraham.FastQC.Sequence.SequenceFormatException: ID line didn't start with '@'
	at uk.ac.babraham.FastQC.Sequence.FastQFile.readNext(FastQFile.java:158)
	at uk.ac.babraham.FastQC.Sequence.FastQFile.<init>(FastQFile.java:89)
	at uk.ac.babraham.FastQC.Sequence.SequenceFactory.getSequenceFile(SequenceFactory.java:87)
	at uk.ac.babraham.FastQC.Sequence.SequenceFactory.getSequenceFile(SequenceFactory.java:62)
	at uk.ac.babraham.FastQC.Analysis.OfflineRunner.processFile(OfflineRunner.java:159)
	at uk.ac.babraham.FastQC.Analysis.OfflineRunner.<init>(OfflineRunner.java:121)
	at uk.ac.babraham.FastQC.FastQCApplication.main(FastQCApplication.java:316)
Started analysis of 20241230_pomt1_neg_1_JR12700_S145_L008_R1_001_trimmed.fastq.gz
Approx 5% complete for 20241230_pomt1_neg_1_JR12700_S145_L008_R1_001_trimmed.fastq.gz
Approx 10% complete for 20241230_pomt1_neg_1_JR12700_S145_L008_R1_001_trimmed.fastq.gz
Approx 15% complete for 20241230_pomt1_neg_1_JR12700_S145_L008_R1_001_trimmed.fastq.gz
Approx 20% complete for 20241230_pomt1_neg_1_JR12700_S145_L008_R1_001_trimmed.fastq.gz
Approx 25% complete for 20241230_pomt1_neg_1_JR12700_S145_L008_R1_001_trimmed.fastq.gz
Approx 30% complete for 20241230_pomt1_neg_1_JR12700_S145_L008_R1_001_trimmed.fastq.gz
Approx 35% complete for 20241230_pomt1_neg_1_JR12700_S145_L008_R1_001_trimmed.fastq.gz
Approx 40% complete for 20241230_pomt1_neg_1_JR12700_S145_L008_R1_001_trimmed.fastq.gz
Approx 45% complete for 20241230_pomt1_neg_1_JR12700_S145_L008_R1_001_trimmed.fastq.gz
Approx 50% complete for 20241230_pomt1_neg_1_JR12700_S145_L008_R1_001_trimmed.fastq.gz
Approx 55% complete for 20241230_pomt1_neg_1_JR12700_S145_L008_R1_001_trimmed.fastq.gz
Approx 60% complete for 20241230_pomt1_neg_1_JR12700_S145_L008_R1_001_trimmed.fastq.gz
Approx 65% complete for 20241230_pomt1_neg_1_JR12700_S145_L008_R1_001_trimmed.fastq.gz
Approx 70% complete for 20241230_pomt1_neg_1_JR12700_S145_L008_R1_001_trimmed.fastq.gz
Approx 75% complete for 20241230_pomt1_neg_1_JR12700_S145_L008_R1_001_trimmed.fastq.gz
Approx 80% complete for 20241230_pomt1_neg_1_JR12700_S145_L008_R1_001_trimmed.fastq.gz
Approx 85% complete for 20241230_pomt1_neg_1_JR12700_S145_L008_R1_001_trimmed.fastq.gz
Approx 90% complete for 20241230_pomt1_neg_1_JR12700_S145_L008_R1_001_trimmed.fastq.gz
Approx 95% complete for 20241230_pomt1_neg_1_JR12700_S145_L008_R1_001_trimmed.fastq.gz
Started analysis of 20241230_pomt1_neg_1_JR12700_S145_L008_R2_001_trimmed.fastq.gz
Approx 5% complete for 20241230_pomt1_neg_1_JR12700_S145_L008_R2_001_trimmed.fastq.gz
Approx 10% complete for 20241230_pomt1_neg_1_JR12700_S145_L008_R2_001_trimmed.fastq.gz
Approx 15% complete for 20241230_pomt1_neg_1_JR12700_S145_L008_R2_001_trimmed.fastq.gz
Approx 20% complete for 20241230_pomt1_neg_1_JR12700_S145_L008_R2_001_trimmed.fastq.gz
Approx 25% complete for 20241230_pomt1_neg_1_JR12700_S145_L008_R2_001_trimmed.fastq.gz
Approx 30% complete for 20241230_pomt1_neg_1_JR12700_S145_L008_R2_001_trimmed.fastq.gz
Approx 35% complete for 20241230_pomt1_neg_1_JR12700_S145_L008_R2_001_trimmed.fastq.gz
Approx 40% complete for 20241230_pomt1_neg_1_JR12700_S145_L008_R2_001_trimmed.fastq.gz
Approx 45% complete for 20241230_pomt1_neg_1_JR12700_S145_L008_R2_001_trimmed.fastq.gz
Approx 50% complete for 20241230_pomt1_neg_1_JR12700_S145_L008_R2_001_trimmed.fastq.gz
Approx 55% complete for 20241230_pomt1_neg_1_JR12700_S145_L008_R2_001_trimmed.fastq.gz
Approx 60% complete for 20241230_pomt1_neg_1_JR12700_S145_L008_R2_001_trimmed.fastq.gz
Approx 65% complete for 20241230_pomt1_neg_1_JR12700_S145_L008_R2_001_trimmed.fastq.gz
Approx 70% complete for 20241230_pomt1_neg_1_JR12700_S145_L008_R2_001_trimmed.fastq.gz
Approx 75% complete for 20241230_pomt1_neg_1_JR12700_S145_L008_R2_001_trimmed.fastq.gz
Approx 80% complete for 20241230_pomt1_neg_1_JR12700_S145_L008_R2_001_trimmed.fastq.gz
Approx 85% complete for 20241230_pomt1_neg_1_JR12700_S145_L008_R2_001_trimmed.fastq.gz
Approx 90% complete for 20241230_pomt1_neg_1_JR12700_S145_L008_R2_001_trimmed.fastq.gz
Approx 95% complete for 20241230_pomt1_neg_1_JR12700_S145_L008_R2_001_trimmed.fastq.gz
