Started analysis of 20241230_pomt1_neg_1_JR12700_S145_L008_R1_001.fastq.gz
Approx 5% complete for 20241230_pomt1_neg_1_JR12700_S145_L008_R1_001.fastq.gz
Approx 10% complete for 20241230_pomt1_neg_1_JR12700_S145_L008_R1_001.fastq.gz
Approx 15% complete for 20241230_pomt1_neg_1_JR12700_S145_L008_R1_001.fastq.gz
Approx 20% complete for 20241230_pomt1_neg_1_JR12700_S145_L008_R1_001.fastq.gz
Approx 25% complete for 20241230_pomt1_neg_1_JR12700_S145_L008_R1_001.fastq.gz
Approx 30% complete for 20241230_pomt1_neg_1_JR12700_S145_L008_R1_001.fastq.gz
Approx 35% complete for 20241230_pomt1_neg_1_JR12700_S145_L008_R1_001.fastq.gz
Approx 40% complete for 20241230_pomt1_neg_1_JR12700_S145_L008_R1_001.fastq.gz
Approx 45% complete for 20241230_pomt1_neg_1_JR12700_S145_L008_R1_001.fastq.gz
Approx 50% complete for 20241230_pomt1_neg_1_JR12700_S145_L008_R1_001.fastq.gz
Approx 55% complete for 20241230_pomt1_neg_1_JR12700_S145_L008_R1_001.fastq.gz
Approx 60% complete for 20241230_pomt1_neg_1_JR12700_S145_L008_R1_001.fastq.gz
Approx 65% complete for 20241230_pomt1_neg_1_JR12700_S145_L008_R1_001.fastq.gz
Approx 70% complete for 20241230_pomt1_neg_1_JR12700_S145_L008_R1_001.fastq.gz
Approx 75% complete for 20241230_pomt1_neg_1_JR12700_S145_L008_R1_001.fastq.gz
Approx 80% complete for 20241230_pomt1_neg_1_JR12700_S145_L008_R1_001.fastq.gz
Approx 85% complete for 20241230_pomt1_neg_1_JR12700_S145_L008_R1_001.fastq.gz
Approx 90% complete for 20241230_pomt1_neg_1_JR12700_S145_L008_R1_001.fastq.gz
Approx 95% complete for 20241230_pomt1_neg_1_JR12700_S145_L008_R1_001.fastq.gz
Started analysis of 20241230_pomt1_neg_1_JR12700_S145_L008_R2_001.fastq.gz
Approx 5% complete for 20241230_pomt1_neg_1_JR12700_S145_L008_R2_001.fastq.gz
Approx 10% complete for 20241230_pomt1_neg_1_JR12700_S145_L008_R2_001.fastq.gz
Approx 15% complete for 20241230_pomt1_neg_1_JR12700_S145_L008_R2_001.fastq.gz
Approx 20% complete for 20241230_pomt1_neg_1_JR12700_S145_L008_R2_001.fastq.gz
Approx 25% complete for 20241230_pomt1_neg_1_JR12700_S145_L008_R2_001.fastq.gz
Approx 30% complete for 20241230_pomt1_neg_1_JR12700_S145_L008_R2_001.fastq.gz
Approx 35% complete for 20241230_pomt1_neg_1_JR12700_S145_L008_R2_001.fastq.gz
Approx 40% complete for 20241230_pomt1_neg_1_JR12700_S145_L008_R2_001.fastq.gz
Approx 45% complete for 20241230_pomt1_neg_1_JR12700_S145_L008_R2_001.fastq.gz
Approx 50% complete for 20241230_pomt1_neg_1_JR12700_S145_L008_R2_001.fastq.gz
Approx 55% complete for 20241230_pomt1_neg_1_JR12700_S145_L008_R2_001.fastq.gz
Approx 60% complete for 20241230_pomt1_neg_1_JR12700_S145_L008_R2_001.fastq.gz
Approx 65% complete for 20241230_pomt1_neg_1_JR12700_S145_L008_R2_001.fastq.gz
Approx 70% complete for 20241230_pomt1_neg_1_JR12700_S145_L008_R2_001.fastq.gz
Approx 75% complete for 20241230_pomt1_neg_1_JR12700_S145_L008_R2_001.fastq.gz
Approx 80% complete for 20241230_pomt1_neg_1_JR12700_S145_L008_R2_001.fastq.gz
Approx 85% complete for 20241230_pomt1_neg_1_JR12700_S145_L008_R2_001.fastq.gz
Approx 90% complete for 20241230_pomt1_neg_1_JR12700_S145_L008_R2_001.fastq.gz
Approx 95% complete for 20241230_pomt1_neg_1_JR12700_S145_L008_R2_001.fastq.gz
Started analysis of 20241230_pomt1_neg_2_JR12700_S147_L008_R1_001.fastq.gz
Approx 5% complete for 20241230_pomt1_neg_2_JR12700_S147_L008_R1_001.fastq.gz
Approx 10% complete for 20241230_pomt1_neg_2_JR12700_S147_L008_R1_001.fastq.gz
Approx 15% complete for 20241230_pomt1_neg_2_JR12700_S147_L008_R1_001.fastq.gz
Approx 20% complete for 20241230_pomt1_neg_2_JR12700_S147_L008_R1_001.fastq.gz
Approx 25% complete for 20241230_pomt1_neg_2_JR12700_S147_L008_R1_001.fastq.gz
Approx 30% complete for 20241230_pomt1_neg_2_JR12700_S147_L008_R1_001.fastq.gz
Approx 35% complete for 20241230_pomt1_neg_2_JR12700_S147_L008_R1_001.fastq.gz
Approx 40% complete for 20241230_pomt1_neg_2_JR12700_S147_L008_R1_001.fastq.gz
Approx 45% complete for 20241230_pomt1_neg_2_JR12700_S147_L008_R1_001.fastq.gz
Approx 50% complete for 20241230_pomt1_neg_2_JR12700_S147_L008_R1_001.fastq.gz
Approx 55% complete for 20241230_pomt1_neg_2_JR12700_S147_L008_R1_001.fastq.gz
Approx 60% complete for 20241230_pomt1_neg_2_JR12700_S147_L008_R1_001.fastq.gz
Approx 65% complete for 20241230_pomt1_neg_2_JR12700_S147_L008_R1_001.fastq.gz
Approx 70% complete for 20241230_pomt1_neg_2_JR12700_S147_L008_R1_001.fastq.gz
Approx 75% complete for 20241230_pomt1_neg_2_JR12700_S147_L008_R1_001.fastq.gz
Approx 80% complete for 20241230_pomt1_neg_2_JR12700_S147_L008_R1_001.fastq.gz
Approx 85% complete for 20241230_pomt1_neg_2_JR12700_S147_L008_R1_001.fastq.gz
Approx 90% complete for 20241230_pomt1_neg_2_JR12700_S147_L008_R1_001.fastq.gz
Approx 95% complete for 20241230_pomt1_neg_2_JR12700_S147_L008_R1_001.fastq.gz
Approx 100% complete for 20241230_pomt1_neg_2_JR12700_S147_L008_R1_001.fastq.gz
Started analysis of 20241230_pomt1_neg_2_JR12700_S147_L008_R2_001.fastq.gz
Approx 5% complete for 20241230_pomt1_neg_2_JR12700_S147_L008_R2_001.fastq.gz
Approx 10% complete for 20241230_pomt1_neg_2_JR12700_S147_L008_R2_001.fastq.gz
Approx 15% complete for 20241230_pomt1_neg_2_JR12700_S147_L008_R2_001.fastq.gz
Approx 20% complete for 20241230_pomt1_neg_2_JR12700_S147_L008_R2_001.fastq.gz
Approx 25% complete for 20241230_pomt1_neg_2_JR12700_S147_L008_R2_001.fastq.gz
Approx 30% complete for 20241230_pomt1_neg_2_JR12700_S147_L008_R2_001.fastq.gz
Approx 35% complete for 20241230_pomt1_neg_2_JR12700_S147_L008_R2_001.fastq.gz
Approx 40% complete for 20241230_pomt1_neg_2_JR12700_S147_L008_R2_001.fastq.gz
Approx 45% complete for 20241230_pomt1_neg_2_JR12700_S147_L008_R2_001.fastq.gz
Approx 50% complete for 20241230_pomt1_neg_2_JR12700_S147_L008_R2_001.fastq.gz
Approx 55% complete for 20241230_pomt1_neg_2_JR12700_S147_L008_R2_001.fastq.gz
Approx 60% complete for 20241230_pomt1_neg_2_JR12700_S147_L008_R2_001.fastq.gz
Approx 65% complete for 20241230_pomt1_neg_2_JR12700_S147_L008_R2_001.fastq.gz
Approx 70% complete for 20241230_pomt1_neg_2_JR12700_S147_L008_R2_001.fastq.gz
Approx 75% complete for 20241230_pomt1_neg_2_JR12700_S147_L008_R2_001.fastq.gz
Approx 80% complete for 20241230_pomt1_neg_2_JR12700_S147_L008_R2_001.fastq.gz
Approx 85% complete for 20241230_pomt1_neg_2_JR12700_S147_L008_R2_001.fastq.gz
Approx 90% complete for 20241230_pomt1_neg_2_JR12700_S147_L008_R2_001.fastq.gz
Approx 95% complete for 20241230_pomt1_neg_2_JR12700_S147_L008_R2_001.fastq.gz
Approx 100% complete for 20241230_pomt1_neg_2_JR12700_S147_L008_R2_001.fastq.gz
Started analysis of 20241230_pomt1_neg_3_JR12700_S149_L008_R1_001.fastq.gz
Approx 5% complete for 20241230_pomt1_neg_3_JR12700_S149_L008_R1_001.fastq.gz
Approx 10% complete for 20241230_pomt1_neg_3_JR12700_S149_L008_R1_001.fastq.gz
Approx 15% complete for 20241230_pomt1_neg_3_JR12700_S149_L008_R1_001.fastq.gz
Approx 20% complete for 20241230_pomt1_neg_3_JR12700_S149_L008_R1_001.fastq.gz
Approx 25% complete for 20241230_pomt1_neg_3_JR12700_S149_L008_R1_001.fastq.gz
Approx 30% complete for 20241230_pomt1_neg_3_JR12700_S149_L008_R1_001.fastq.gz
Approx 35% complete for 20241230_pomt1_neg_3_JR12700_S149_L008_R1_001.fastq.gz
Approx 40% complete for 20241230_pomt1_neg_3_JR12700_S149_L008_R1_001.fastq.gz
Approx 45% complete for 20241230_pomt1_neg_3_JR12700_S149_L008_R1_001.fastq.gz
Approx 50% complete for 20241230_pomt1_neg_3_JR12700_S149_L008_R1_001.fastq.gz
Approx 55% complete for 20241230_pomt1_neg_3_JR12700_S149_L008_R1_001.fastq.gz
Approx 60% complete for 20241230_pomt1_neg_3_JR12700_S149_L008_R1_001.fastq.gz
Approx 65% complete for 20241230_pomt1_neg_3_JR12700_S149_L008_R1_001.fastq.gz
Approx 70% complete for 20241230_pomt1_neg_3_JR12700_S149_L008_R1_001.fastq.gz
Approx 75% complete for 20241230_pomt1_neg_3_JR12700_S149_L008_R1_001.fastq.gz
Approx 80% complete for 20241230_pomt1_neg_3_JR12700_S149_L008_R1_001.fastq.gz
Approx 85% complete for 20241230_pomt1_neg_3_JR12700_S149_L008_R1_001.fastq.gz
Approx 90% complete for 20241230_pomt1_neg_3_JR12700_S149_L008_R1_001.fastq.gz
Approx 95% complete for 20241230_pomt1_neg_3_JR12700_S149_L008_R1_001.fastq.gz
Started analysis of 20241230_pomt1_neg_3_JR12700_S149_L008_R2_001.fastq.gz
Approx 5% complete for 20241230_pomt1_neg_3_JR12700_S149_L008_R2_001.fastq.gz
Approx 10% complete for 20241230_pomt1_neg_3_JR12700_S149_L008_R2_001.fastq.gz
Approx 15% complete for 20241230_pomt1_neg_3_JR12700_S149_L008_R2_001.fastq.gz
Approx 20% complete for 20241230_pomt1_neg_3_JR12700_S149_L008_R2_001.fastq.gz
Approx 25% complete for 20241230_pomt1_neg_3_JR12700_S149_L008_R2_001.fastq.gz
Approx 30% complete for 20241230_pomt1_neg_3_JR12700_S149_L008_R2_001.fastq.gz
Approx 35% complete for 20241230_pomt1_neg_3_JR12700_S149_L008_R2_001.fastq.gz
Approx 40% complete for 20241230_pomt1_neg_3_JR12700_S149_L008_R2_001.fastq.gz
Approx 45% complete for 20241230_pomt1_neg_3_JR12700_S149_L008_R2_001.fastq.gz
Approx 50% complete for 20241230_pomt1_neg_3_JR12700_S149_L008_R2_001.fastq.gz
Approx 55% complete for 20241230_pomt1_neg_3_JR12700_S149_L008_R2_001.fastq.gz
Approx 60% complete for 20241230_pomt1_neg_3_JR12700_S149_L008_R2_001.fastq.gz
Approx 65% complete for 20241230_pomt1_neg_3_JR12700_S149_L008_R2_001.fastq.gz
Approx 70% complete for 20241230_pomt1_neg_3_JR12700_S149_L008_R2_001.fastq.gz
Approx 75% complete for 20241230_pomt1_neg_3_JR12700_S149_L008_R2_001.fastq.gz
Approx 80% complete for 20241230_pomt1_neg_3_JR12700_S149_L008_R2_001.fastq.gz
Approx 85% complete for 20241230_pomt1_neg_3_JR12700_S149_L008_R2_001.fastq.gz
Approx 90% complete for 20241230_pomt1_neg_3_JR12700_S149_L008_R2_001.fastq.gz
Approx 95% complete for 20241230_pomt1_neg_3_JR12700_S149_L008_R2_001.fastq.gz
Started analysis of 20241230_pomt1_pos_1_JR12700_S146_L008_R1_001.fastq.gz
Approx 5% complete for 20241230_pomt1_pos_1_JR12700_S146_L008_R1_001.fastq.gz
Approx 10% complete for 20241230_pomt1_pos_1_JR12700_S146_L008_R1_001.fastq.gz
Approx 15% complete for 20241230_pomt1_pos_1_JR12700_S146_L008_R1_001.fastq.gz
Approx 20% complete for 20241230_pomt1_pos_1_JR12700_S146_L008_R1_001.fastq.gz
Approx 25% complete for 20241230_pomt1_pos_1_JR12700_S146_L008_R1_001.fastq.gz
Approx 30% complete for 20241230_pomt1_pos_1_JR12700_S146_L008_R1_001.fastq.gz
Approx 35% complete for 20241230_pomt1_pos_1_JR12700_S146_L008_R1_001.fastq.gz
Approx 40% complete for 20241230_pomt1_pos_1_JR12700_S146_L008_R1_001.fastq.gz
Approx 45% complete for 20241230_pomt1_pos_1_JR12700_S146_L008_R1_001.fastq.gz
Approx 50% complete for 20241230_pomt1_pos_1_JR12700_S146_L008_R1_001.fastq.gz
Approx 55% complete for 20241230_pomt1_pos_1_JR12700_S146_L008_R1_001.fastq.gz
Approx 60% complete for 20241230_pomt1_pos_1_JR12700_S146_L008_R1_001.fastq.gz
Approx 65% complete for 20241230_pomt1_pos_1_JR12700_S146_L008_R1_001.fastq.gz
Approx 70% complete for 20241230_pomt1_pos_1_JR12700_S146_L008_R1_001.fastq.gz
Approx 75% complete for 20241230_pomt1_pos_1_JR12700_S146_L008_R1_001.fastq.gz
Approx 80% complete for 20241230_pomt1_pos_1_JR12700_S146_L008_R1_001.fastq.gz
Approx 85% complete for 20241230_pomt1_pos_1_JR12700_S146_L008_R1_001.fastq.gz
Approx 90% complete for 20241230_pomt1_pos_1_JR12700_S146_L008_R1_001.fastq.gz
Approx 95% complete for 20241230_pomt1_pos_1_JR12700_S146_L008_R1_001.fastq.gz
Started analysis of 20241230_pomt1_pos_1_JR12700_S146_L008_R2_001.fastq.gz
Approx 5% complete for 20241230_pomt1_pos_1_JR12700_S146_L008_R2_001.fastq.gz
Approx 10% complete for 20241230_pomt1_pos_1_JR12700_S146_L008_R2_001.fastq.gz
Approx 15% complete for 20241230_pomt1_pos_1_JR12700_S146_L008_R2_001.fastq.gz
Approx 20% complete for 20241230_pomt1_pos_1_JR12700_S146_L008_R2_001.fastq.gz
Approx 25% complete for 20241230_pomt1_pos_1_JR12700_S146_L008_R2_001.fastq.gz
Approx 30% complete for 20241230_pomt1_pos_1_JR12700_S146_L008_R2_001.fastq.gz
Approx 35% complete for 20241230_pomt1_pos_1_JR12700_S146_L008_R2_001.fastq.gz
Approx 40% complete for 20241230_pomt1_pos_1_JR12700_S146_L008_R2_001.fastq.gz
Approx 45% complete for 20241230_pomt1_pos_1_JR12700_S146_L008_R2_001.fastq.gz
Approx 50% complete for 20241230_pomt1_pos_1_JR12700_S146_L008_R2_001.fastq.gz
Approx 55% complete for 20241230_pomt1_pos_1_JR12700_S146_L008_R2_001.fastq.gz
Approx 60% complete for 20241230_pomt1_pos_1_JR12700_S146_L008_R2_001.fastq.gz
Approx 65% complete for 20241230_pomt1_pos_1_JR12700_S146_L008_R2_001.fastq.gz
Approx 70% complete for 20241230_pomt1_pos_1_JR12700_S146_L008_R2_001.fastq.gz
Approx 75% complete for 20241230_pomt1_pos_1_JR12700_S146_L008_R2_001.fastq.gz
Approx 80% complete for 20241230_pomt1_pos_1_JR12700_S146_L008_R2_001.fastq.gz
Approx 85% complete for 20241230_pomt1_pos_1_JR12700_S146_L008_R2_001.fastq.gz
Approx 90% complete for 20241230_pomt1_pos_1_JR12700_S146_L008_R2_001.fastq.gz
Approx 95% complete for 20241230_pomt1_pos_1_JR12700_S146_L008_R2_001.fastq.gz
Started analysis of 20241230_pomt1_pos_2_JR12700_S148_L008_R1_001.fastq.gz
Approx 5% complete for 20241230_pomt1_pos_2_JR12700_S148_L008_R1_001.fastq.gz
Approx 10% complete for 20241230_pomt1_pos_2_JR12700_S148_L008_R1_001.fastq.gz
Approx 15% complete for 20241230_pomt1_pos_2_JR12700_S148_L008_R1_001.fastq.gz
Approx 20% complete for 20241230_pomt1_pos_2_JR12700_S148_L008_R1_001.fastq.gz
Approx 25% complete for 20241230_pomt1_pos_2_JR12700_S148_L008_R1_001.fastq.gz
Approx 30% complete for 20241230_pomt1_pos_2_JR12700_S148_L008_R1_001.fastq.gz
Approx 35% complete for 20241230_pomt1_pos_2_JR12700_S148_L008_R1_001.fastq.gz
Approx 40% complete for 20241230_pomt1_pos_2_JR12700_S148_L008_R1_001.fastq.gz
Approx 45% complete for 20241230_pomt1_pos_2_JR12700_S148_L008_R1_001.fastq.gz
Approx 50% complete for 20241230_pomt1_pos_2_JR12700_S148_L008_R1_001.fastq.gz
Approx 55% complete for 20241230_pomt1_pos_2_JR12700_S148_L008_R1_001.fastq.gz
Approx 60% complete for 20241230_pomt1_pos_2_JR12700_S148_L008_R1_001.fastq.gz
Approx 65% complete for 20241230_pomt1_pos_2_JR12700_S148_L008_R1_001.fastq.gz
Approx 70% complete for 20241230_pomt1_pos_2_JR12700_S148_L008_R1_001.fastq.gz
Approx 75% complete for 20241230_pomt1_pos_2_JR12700_S148_L008_R1_001.fastq.gz
Approx 80% complete for 20241230_pomt1_pos_2_JR12700_S148_L008_R1_001.fastq.gz
Approx 85% complete for 20241230_pomt1_pos_2_JR12700_S148_L008_R1_001.fastq.gz
Approx 90% complete for 20241230_pomt1_pos_2_JR12700_S148_L008_R1_001.fastq.gz
Approx 95% complete for 20241230_pomt1_pos_2_JR12700_S148_L008_R1_001.fastq.gz
Started analysis of 20241230_pomt1_pos_2_JR12700_S148_L008_R2_001.fastq.gz
Approx 5% complete for 20241230_pomt1_pos_2_JR12700_S148_L008_R2_001.fastq.gz
Approx 10% complete for 20241230_pomt1_pos_2_JR12700_S148_L008_R2_001.fastq.gz
Approx 15% complete for 20241230_pomt1_pos_2_JR12700_S148_L008_R2_001.fastq.gz
Approx 20% complete for 20241230_pomt1_pos_2_JR12700_S148_L008_R2_001.fastq.gz
Approx 25% complete for 20241230_pomt1_pos_2_JR12700_S148_L008_R2_001.fastq.gz
Approx 30% complete for 20241230_pomt1_pos_2_JR12700_S148_L008_R2_001.fastq.gz
Approx 35% complete for 20241230_pomt1_pos_2_JR12700_S148_L008_R2_001.fastq.gz
Approx 40% complete for 20241230_pomt1_pos_2_JR12700_S148_L008_R2_001.fastq.gz
Approx 45% complete for 20241230_pomt1_pos_2_JR12700_S148_L008_R2_001.fastq.gz
Approx 50% complete for 20241230_pomt1_pos_2_JR12700_S148_L008_R2_001.fastq.gz
Approx 55% complete for 20241230_pomt1_pos_2_JR12700_S148_L008_R2_001.fastq.gz
Approx 60% complete for 20241230_pomt1_pos_2_JR12700_S148_L008_R2_001.fastq.gz
Approx 65% complete for 20241230_pomt1_pos_2_JR12700_S148_L008_R2_001.fastq.gz
Approx 70% complete for 20241230_pomt1_pos_2_JR12700_S148_L008_R2_001.fastq.gz
Approx 75% complete for 20241230_pomt1_pos_2_JR12700_S148_L008_R2_001.fastq.gz
Approx 80% complete for 20241230_pomt1_pos_2_JR12700_S148_L008_R2_001.fastq.gz
Approx 85% complete for 20241230_pomt1_pos_2_JR12700_S148_L008_R2_001.fastq.gz
Approx 90% complete for 20241230_pomt1_pos_2_JR12700_S148_L008_R2_001.fastq.gz
Approx 95% complete for 20241230_pomt1_pos_2_JR12700_S148_L008_R2_001.fastq.gz
Started analysis of 20241230_pomt1_pos_3_JR12700_S150_L008_R1_001.fastq.gz
Approx 5% complete for 20241230_pomt1_pos_3_JR12700_S150_L008_R1_001.fastq.gz
Approx 10% complete for 20241230_pomt1_pos_3_JR12700_S150_L008_R1_001.fastq.gz
Approx 15% complete for 20241230_pomt1_pos_3_JR12700_S150_L008_R1_001.fastq.gz
Approx 20% complete for 20241230_pomt1_pos_3_JR12700_S150_L008_R1_001.fastq.gz
Approx 25% complete for 20241230_pomt1_pos_3_JR12700_S150_L008_R1_001.fastq.gz
Approx 30% complete for 20241230_pomt1_pos_3_JR12700_S150_L008_R1_001.fastq.gz
Approx 35% complete for 20241230_pomt1_pos_3_JR12700_S150_L008_R1_001.fastq.gz
Approx 40% complete for 20241230_pomt1_pos_3_JR12700_S150_L008_R1_001.fastq.gz
Approx 45% complete for 20241230_pomt1_pos_3_JR12700_S150_L008_R1_001.fastq.gz
Approx 50% complete for 20241230_pomt1_pos_3_JR12700_S150_L008_R1_001.fastq.gz
Approx 55% complete for 20241230_pomt1_pos_3_JR12700_S150_L008_R1_001.fastq.gz
Approx 60% complete for 20241230_pomt1_pos_3_JR12700_S150_L008_R1_001.fastq.gz
Approx 65% complete for 20241230_pomt1_pos_3_JR12700_S150_L008_R1_001.fastq.gz
Approx 70% complete for 20241230_pomt1_pos_3_JR12700_S150_L008_R1_001.fastq.gz
Approx 75% complete for 20241230_pomt1_pos_3_JR12700_S150_L008_R1_001.fastq.gz
Approx 80% complete for 20241230_pomt1_pos_3_JR12700_S150_L008_R1_001.fastq.gz
Approx 85% complete for 20241230_pomt1_pos_3_JR12700_S150_L008_R1_001.fastq.gz
Approx 90% complete for 20241230_pomt1_pos_3_JR12700_S150_L008_R1_001.fastq.gz
Approx 95% complete for 20241230_pomt1_pos_3_JR12700_S150_L008_R1_001.fastq.gz
Started analysis of 20241230_pomt1_pos_3_JR12700_S150_L008_R2_001.fastq.gz
Approx 5% complete for 20241230_pomt1_pos_3_JR12700_S150_L008_R2_001.fastq.gz
Approx 10% complete for 20241230_pomt1_pos_3_JR12700_S150_L008_R2_001.fastq.gz
Approx 15% complete for 20241230_pomt1_pos_3_JR12700_S150_L008_R2_001.fastq.gz
Approx 20% complete for 20241230_pomt1_pos_3_JR12700_S150_L008_R2_001.fastq.gz
Approx 25% complete for 20241230_pomt1_pos_3_JR12700_S150_L008_R2_001.fastq.gz
Approx 30% complete for 20241230_pomt1_pos_3_JR12700_S150_L008_R2_001.fastq.gz
Approx 35% complete for 20241230_pomt1_pos_3_JR12700_S150_L008_R2_001.fastq.gz
Approx 40% complete for 20241230_pomt1_pos_3_JR12700_S150_L008_R2_001.fastq.gz
Approx 45% complete for 20241230_pomt1_pos_3_JR12700_S150_L008_R2_001.fastq.gz
Approx 50% complete for 20241230_pomt1_pos_3_JR12700_S150_L008_R2_001.fastq.gz
Approx 55% complete for 20241230_pomt1_pos_3_JR12700_S150_L008_R2_001.fastq.gz
Approx 60% complete for 20241230_pomt1_pos_3_JR12700_S150_L008_R2_001.fastq.gz
Approx 65% complete for 20241230_pomt1_pos_3_JR12700_S150_L008_R2_001.fastq.gz
Approx 70% complete for 20241230_pomt1_pos_3_JR12700_S150_L008_R2_001.fastq.gz
Approx 75% complete for 20241230_pomt1_pos_3_JR12700_S150_L008_R2_001.fastq.gz
Approx 80% complete for 20241230_pomt1_pos_3_JR12700_S150_L008_R2_001.fastq.gz
Approx 85% complete for 20241230_pomt1_pos_3_JR12700_S150_L008_R2_001.fastq.gz
Approx 90% complete for 20241230_pomt1_pos_3_JR12700_S150_L008_R2_001.fastq.gz
Approx 95% complete for 20241230_pomt1_pos_3_JR12700_S150_L008_R2_001.fastq.gz
Started analysis of 20241230_rosa26_neg_1_JR12700_S139_L008_R1_001.fastq.gz
Approx 5% complete for 20241230_rosa26_neg_1_JR12700_S139_L008_R1_001.fastq.gz
Approx 10% complete for 20241230_rosa26_neg_1_JR12700_S139_L008_R1_001.fastq.gz
Approx 15% complete for 20241230_rosa26_neg_1_JR12700_S139_L008_R1_001.fastq.gz
Approx 20% complete for 20241230_rosa26_neg_1_JR12700_S139_L008_R1_001.fastq.gz
Approx 25% complete for 20241230_rosa26_neg_1_JR12700_S139_L008_R1_001.fastq.gz
Approx 30% complete for 20241230_rosa26_neg_1_JR12700_S139_L008_R1_001.fastq.gz
Approx 35% complete for 20241230_rosa26_neg_1_JR12700_S139_L008_R1_001.fastq.gz
Approx 40% complete for 20241230_rosa26_neg_1_JR12700_S139_L008_R1_001.fastq.gz
Approx 45% complete for 20241230_rosa26_neg_1_JR12700_S139_L008_R1_001.fastq.gz
Approx 50% complete for 20241230_rosa26_neg_1_JR12700_S139_L008_R1_001.fastq.gz
Approx 55% complete for 20241230_rosa26_neg_1_JR12700_S139_L008_R1_001.fastq.gz
Approx 60% complete for 20241230_rosa26_neg_1_JR12700_S139_L008_R1_001.fastq.gz
Approx 65% complete for 20241230_rosa26_neg_1_JR12700_S139_L008_R1_001.fastq.gz
Approx 70% complete for 20241230_rosa26_neg_1_JR12700_S139_L008_R1_001.fastq.gz
Approx 75% complete for 20241230_rosa26_neg_1_JR12700_S139_L008_R1_001.fastq.gz
Approx 80% complete for 20241230_rosa26_neg_1_JR12700_S139_L008_R1_001.fastq.gz
Approx 85% complete for 20241230_rosa26_neg_1_JR12700_S139_L008_R1_001.fastq.gz
Approx 90% complete for 20241230_rosa26_neg_1_JR12700_S139_L008_R1_001.fastq.gz
Approx 95% complete for 20241230_rosa26_neg_1_JR12700_S139_L008_R1_001.fastq.gz
Started analysis of 20241230_rosa26_neg_1_JR12700_S139_L008_R2_001.fastq.gz
Approx 5% complete for 20241230_rosa26_neg_1_JR12700_S139_L008_R2_001.fastq.gz
Approx 10% complete for 20241230_rosa26_neg_1_JR12700_S139_L008_R2_001.fastq.gz
Approx 15% complete for 20241230_rosa26_neg_1_JR12700_S139_L008_R2_001.fastq.gz
Approx 20% complete for 20241230_rosa26_neg_1_JR12700_S139_L008_R2_001.fastq.gz
Approx 25% complete for 20241230_rosa26_neg_1_JR12700_S139_L008_R2_001.fastq.gz
Approx 30% complete for 20241230_rosa26_neg_1_JR12700_S139_L008_R2_001.fastq.gz
Approx 35% complete for 20241230_rosa26_neg_1_JR12700_S139_L008_R2_001.fastq.gz
Approx 40% complete for 20241230_rosa26_neg_1_JR12700_S139_L008_R2_001.fastq.gz
Approx 45% complete for 20241230_rosa26_neg_1_JR12700_S139_L008_R2_001.fastq.gz
Approx 50% complete for 20241230_rosa26_neg_1_JR12700_S139_L008_R2_001.fastq.gz
Approx 55% complete for 20241230_rosa26_neg_1_JR12700_S139_L008_R2_001.fastq.gz
Approx 60% complete for 20241230_rosa26_neg_1_JR12700_S139_L008_R2_001.fastq.gz
Approx 65% complete for 20241230_rosa26_neg_1_JR12700_S139_L008_R2_001.fastq.gz
Approx 70% complete for 20241230_rosa26_neg_1_JR12700_S139_L008_R2_001.fastq.gz
Approx 75% complete for 20241230_rosa26_neg_1_JR12700_S139_L008_R2_001.fastq.gz
Approx 80% complete for 20241230_rosa26_neg_1_JR12700_S139_L008_R2_001.fastq.gz
Approx 85% complete for 20241230_rosa26_neg_1_JR12700_S139_L008_R2_001.fastq.gz
Approx 90% complete for 20241230_rosa26_neg_1_JR12700_S139_L008_R2_001.fastq.gz
Approx 95% complete for 20241230_rosa26_neg_1_JR12700_S139_L008_R2_001.fastq.gz
Started analysis of 20241230_rosa26_neg_2_JR12700_S141_L008_R1_001.fastq.gz
Approx 5% complete for 20241230_rosa26_neg_2_JR12700_S141_L008_R1_001.fastq.gz
Approx 10% complete for 20241230_rosa26_neg_2_JR12700_S141_L008_R1_001.fastq.gz
Approx 15% complete for 20241230_rosa26_neg_2_JR12700_S141_L008_R1_001.fastq.gz
Approx 20% complete for 20241230_rosa26_neg_2_JR12700_S141_L008_R1_001.fastq.gz
Approx 25% complete for 20241230_rosa26_neg_2_JR12700_S141_L008_R1_001.fastq.gz
Approx 30% complete for 20241230_rosa26_neg_2_JR12700_S141_L008_R1_001.fastq.gz
Approx 35% complete for 20241230_rosa26_neg_2_JR12700_S141_L008_R1_001.fastq.gz
Approx 40% complete for 20241230_rosa26_neg_2_JR12700_S141_L008_R1_001.fastq.gz
Approx 45% complete for 20241230_rosa26_neg_2_JR12700_S141_L008_R1_001.fastq.gz
Approx 50% complete for 20241230_rosa26_neg_2_JR12700_S141_L008_R1_001.fastq.gz
Approx 55% complete for 20241230_rosa26_neg_2_JR12700_S141_L008_R1_001.fastq.gz
Approx 60% complete for 20241230_rosa26_neg_2_JR12700_S141_L008_R1_001.fastq.gz
Approx 65% complete for 20241230_rosa26_neg_2_JR12700_S141_L008_R1_001.fastq.gz
Approx 70% complete for 20241230_rosa26_neg_2_JR12700_S141_L008_R1_001.fastq.gz
Approx 75% complete for 20241230_rosa26_neg_2_JR12700_S141_L008_R1_001.fastq.gz
Approx 80% complete for 20241230_rosa26_neg_2_JR12700_S141_L008_R1_001.fastq.gz
Approx 85% complete for 20241230_rosa26_neg_2_JR12700_S141_L008_R1_001.fastq.gz
Approx 90% complete for 20241230_rosa26_neg_2_JR12700_S141_L008_R1_001.fastq.gz
Approx 95% complete for 20241230_rosa26_neg_2_JR12700_S141_L008_R1_001.fastq.gz
Started analysis of 20241230_rosa26_neg_2_JR12700_S141_L008_R2_001.fastq.gz
Approx 5% complete for 20241230_rosa26_neg_2_JR12700_S141_L008_R2_001.fastq.gz
Approx 10% complete for 20241230_rosa26_neg_2_JR12700_S141_L008_R2_001.fastq.gz
Approx 15% complete for 20241230_rosa26_neg_2_JR12700_S141_L008_R2_001.fastq.gz
Approx 20% complete for 20241230_rosa26_neg_2_JR12700_S141_L008_R2_001.fastq.gz
Approx 25% complete for 20241230_rosa26_neg_2_JR12700_S141_L008_R2_001.fastq.gz
Approx 30% complete for 20241230_rosa26_neg_2_JR12700_S141_L008_R2_001.fastq.gz
Approx 35% complete for 20241230_rosa26_neg_2_JR12700_S141_L008_R2_001.fastq.gz
Approx 40% complete for 20241230_rosa26_neg_2_JR12700_S141_L008_R2_001.fastq.gz
Approx 45% complete for 20241230_rosa26_neg_2_JR12700_S141_L008_R2_001.fastq.gz
Approx 50% complete for 20241230_rosa26_neg_2_JR12700_S141_L008_R2_001.fastq.gz
Approx 55% complete for 20241230_rosa26_neg_2_JR12700_S141_L008_R2_001.fastq.gz
Approx 60% complete for 20241230_rosa26_neg_2_JR12700_S141_L008_R2_001.fastq.gz
Approx 65% complete for 20241230_rosa26_neg_2_JR12700_S141_L008_R2_001.fastq.gz
Approx 70% complete for 20241230_rosa26_neg_2_JR12700_S141_L008_R2_001.fastq.gz
Approx 75% complete for 20241230_rosa26_neg_2_JR12700_S141_L008_R2_001.fastq.gz
Approx 80% complete for 20241230_rosa26_neg_2_JR12700_S141_L008_R2_001.fastq.gz
Approx 85% complete for 20241230_rosa26_neg_2_JR12700_S141_L008_R2_001.fastq.gz
Approx 90% complete for 20241230_rosa26_neg_2_JR12700_S141_L008_R2_001.fastq.gz
Approx 95% complete for 20241230_rosa26_neg_2_JR12700_S141_L008_R2_001.fastq.gz
Started analysis of 20241230_rosa26_neg_3_JR12700_S143_L008_R1_001.fastq.gz
Approx 5% complete for 20241230_rosa26_neg_3_JR12700_S143_L008_R1_001.fastq.gz
Approx 10% complete for 20241230_rosa26_neg_3_JR12700_S143_L008_R1_001.fastq.gz
Approx 15% complete for 20241230_rosa26_neg_3_JR12700_S143_L008_R1_001.fastq.gz
Approx 20% complete for 20241230_rosa26_neg_3_JR12700_S143_L008_R1_001.fastq.gz
Approx 25% complete for 20241230_rosa26_neg_3_JR12700_S143_L008_R1_001.fastq.gz
Approx 30% complete for 20241230_rosa26_neg_3_JR12700_S143_L008_R1_001.fastq.gz
Approx 35% complete for 20241230_rosa26_neg_3_JR12700_S143_L008_R1_001.fastq.gz
Approx 40% complete for 20241230_rosa26_neg_3_JR12700_S143_L008_R1_001.fastq.gz
Approx 45% complete for 20241230_rosa26_neg_3_JR12700_S143_L008_R1_001.fastq.gz
Approx 50% complete for 20241230_rosa26_neg_3_JR12700_S143_L008_R1_001.fastq.gz
Approx 55% complete for 20241230_rosa26_neg_3_JR12700_S143_L008_R1_001.fastq.gz
Approx 60% complete for 20241230_rosa26_neg_3_JR12700_S143_L008_R1_001.fastq.gz
Approx 65% complete for 20241230_rosa26_neg_3_JR12700_S143_L008_R1_001.fastq.gz
Approx 70% complete for 20241230_rosa26_neg_3_JR12700_S143_L008_R1_001.fastq.gz
Approx 75% complete for 20241230_rosa26_neg_3_JR12700_S143_L008_R1_001.fastq.gz
Approx 80% complete for 20241230_rosa26_neg_3_JR12700_S143_L008_R1_001.fastq.gz
Approx 85% complete for 20241230_rosa26_neg_3_JR12700_S143_L008_R1_001.fastq.gz
Approx 90% complete for 20241230_rosa26_neg_3_JR12700_S143_L008_R1_001.fastq.gz
Approx 95% complete for 20241230_rosa26_neg_3_JR12700_S143_L008_R1_001.fastq.gz
Started analysis of 20241230_rosa26_neg_3_JR12700_S143_L008_R2_001.fastq.gz
Approx 5% complete for 20241230_rosa26_neg_3_JR12700_S143_L008_R2_001.fastq.gz
Approx 10% complete for 20241230_rosa26_neg_3_JR12700_S143_L008_R2_001.fastq.gz
Approx 15% complete for 20241230_rosa26_neg_3_JR12700_S143_L008_R2_001.fastq.gz
Approx 20% complete for 20241230_rosa26_neg_3_JR12700_S143_L008_R2_001.fastq.gz
Approx 25% complete for 20241230_rosa26_neg_3_JR12700_S143_L008_R2_001.fastq.gz
Approx 30% complete for 20241230_rosa26_neg_3_JR12700_S143_L008_R2_001.fastq.gz
Approx 35% complete for 20241230_rosa26_neg_3_JR12700_S143_L008_R2_001.fastq.gz
Approx 40% complete for 20241230_rosa26_neg_3_JR12700_S143_L008_R2_001.fastq.gz
Approx 45% complete for 20241230_rosa26_neg_3_JR12700_S143_L008_R2_001.fastq.gz
Approx 50% complete for 20241230_rosa26_neg_3_JR12700_S143_L008_R2_001.fastq.gz
Approx 55% complete for 20241230_rosa26_neg_3_JR12700_S143_L008_R2_001.fastq.gz
Approx 60% complete for 20241230_rosa26_neg_3_JR12700_S143_L008_R2_001.fastq.gz
Approx 65% complete for 20241230_rosa26_neg_3_JR12700_S143_L008_R2_001.fastq.gz
Approx 70% complete for 20241230_rosa26_neg_3_JR12700_S143_L008_R2_001.fastq.gz
Approx 75% complete for 20241230_rosa26_neg_3_JR12700_S143_L008_R2_001.fastq.gz
Approx 80% complete for 20241230_rosa26_neg_3_JR12700_S143_L008_R2_001.fastq.gz
Approx 85% complete for 20241230_rosa26_neg_3_JR12700_S143_L008_R2_001.fastq.gz
Approx 90% complete for 20241230_rosa26_neg_3_JR12700_S143_L008_R2_001.fastq.gz
Approx 95% complete for 20241230_rosa26_neg_3_JR12700_S143_L008_R2_001.fastq.gz
Started analysis of 20241230_rosa26_pos_1_JR12700_S140_L008_R1_001.fastq.gz
Approx 5% complete for 20241230_rosa26_pos_1_JR12700_S140_L008_R1_001.fastq.gz
Approx 10% complete for 20241230_rosa26_pos_1_JR12700_S140_L008_R1_001.fastq.gz
Approx 15% complete for 20241230_rosa26_pos_1_JR12700_S140_L008_R1_001.fastq.gz
Approx 20% complete for 20241230_rosa26_pos_1_JR12700_S140_L008_R1_001.fastq.gz
Approx 25% complete for 20241230_rosa26_pos_1_JR12700_S140_L008_R1_001.fastq.gz
Approx 30% complete for 20241230_rosa26_pos_1_JR12700_S140_L008_R1_001.fastq.gz
Approx 35% complete for 20241230_rosa26_pos_1_JR12700_S140_L008_R1_001.fastq.gz
Approx 40% complete for 20241230_rosa26_pos_1_JR12700_S140_L008_R1_001.fastq.gz
Approx 45% complete for 20241230_rosa26_pos_1_JR12700_S140_L008_R1_001.fastq.gz
Approx 50% complete for 20241230_rosa26_pos_1_JR12700_S140_L008_R1_001.fastq.gz
Approx 55% complete for 20241230_rosa26_pos_1_JR12700_S140_L008_R1_001.fastq.gz
Approx 60% complete for 20241230_rosa26_pos_1_JR12700_S140_L008_R1_001.fastq.gz
Approx 65% complete for 20241230_rosa26_pos_1_JR12700_S140_L008_R1_001.fastq.gz
Approx 70% complete for 20241230_rosa26_pos_1_JR12700_S140_L008_R1_001.fastq.gz
Approx 75% complete for 20241230_rosa26_pos_1_JR12700_S140_L008_R1_001.fastq.gz
Approx 80% complete for 20241230_rosa26_pos_1_JR12700_S140_L008_R1_001.fastq.gz
Approx 85% complete for 20241230_rosa26_pos_1_JR12700_S140_L008_R1_001.fastq.gz
Approx 90% complete for 20241230_rosa26_pos_1_JR12700_S140_L008_R1_001.fastq.gz
Approx 95% complete for 20241230_rosa26_pos_1_JR12700_S140_L008_R1_001.fastq.gz
Started analysis of 20241230_rosa26_pos_1_JR12700_S140_L008_R2_001.fastq.gz
Approx 5% complete for 20241230_rosa26_pos_1_JR12700_S140_L008_R2_001.fastq.gz
Approx 10% complete for 20241230_rosa26_pos_1_JR12700_S140_L008_R2_001.fastq.gz
Approx 15% complete for 20241230_rosa26_pos_1_JR12700_S140_L008_R2_001.fastq.gz
Approx 20% complete for 20241230_rosa26_pos_1_JR12700_S140_L008_R2_001.fastq.gz
Approx 25% complete for 20241230_rosa26_pos_1_JR12700_S140_L008_R2_001.fastq.gz
Approx 30% complete for 20241230_rosa26_pos_1_JR12700_S140_L008_R2_001.fastq.gz
Approx 35% complete for 20241230_rosa26_pos_1_JR12700_S140_L008_R2_001.fastq.gz
Approx 40% complete for 20241230_rosa26_pos_1_JR12700_S140_L008_R2_001.fastq.gz
Approx 45% complete for 20241230_rosa26_pos_1_JR12700_S140_L008_R2_001.fastq.gz
Approx 50% complete for 20241230_rosa26_pos_1_JR12700_S140_L008_R2_001.fastq.gz
Approx 55% complete for 20241230_rosa26_pos_1_JR12700_S140_L008_R2_001.fastq.gz
Approx 60% complete for 20241230_rosa26_pos_1_JR12700_S140_L008_R2_001.fastq.gz
Approx 65% complete for 20241230_rosa26_pos_1_JR12700_S140_L008_R2_001.fastq.gz
Approx 70% complete for 20241230_rosa26_pos_1_JR12700_S140_L008_R2_001.fastq.gz
Approx 75% complete for 20241230_rosa26_pos_1_JR12700_S140_L008_R2_001.fastq.gz
Approx 80% complete for 20241230_rosa26_pos_1_JR12700_S140_L008_R2_001.fastq.gz
Approx 85% complete for 20241230_rosa26_pos_1_JR12700_S140_L008_R2_001.fastq.gz
Approx 90% complete for 20241230_rosa26_pos_1_JR12700_S140_L008_R2_001.fastq.gz
Approx 95% complete for 20241230_rosa26_pos_1_JR12700_S140_L008_R2_001.fastq.gz
Started analysis of 20241230_rosa26_pos_2_JR12700_S142_L008_R1_001.fastq.gz
Approx 5% complete for 20241230_rosa26_pos_2_JR12700_S142_L008_R1_001.fastq.gz
Approx 10% complete for 20241230_rosa26_pos_2_JR12700_S142_L008_R1_001.fastq.gz
Approx 15% complete for 20241230_rosa26_pos_2_JR12700_S142_L008_R1_001.fastq.gz
Approx 20% complete for 20241230_rosa26_pos_2_JR12700_S142_L008_R1_001.fastq.gz
Approx 25% complete for 20241230_rosa26_pos_2_JR12700_S142_L008_R1_001.fastq.gz
Approx 30% complete for 20241230_rosa26_pos_2_JR12700_S142_L008_R1_001.fastq.gz
Approx 35% complete for 20241230_rosa26_pos_2_JR12700_S142_L008_R1_001.fastq.gz
Approx 40% complete for 20241230_rosa26_pos_2_JR12700_S142_L008_R1_001.fastq.gz
Approx 45% complete for 20241230_rosa26_pos_2_JR12700_S142_L008_R1_001.fastq.gz
Approx 50% complete for 20241230_rosa26_pos_2_JR12700_S142_L008_R1_001.fastq.gz
Approx 55% complete for 20241230_rosa26_pos_2_JR12700_S142_L008_R1_001.fastq.gz
Approx 60% complete for 20241230_rosa26_pos_2_JR12700_S142_L008_R1_001.fastq.gz
Approx 65% complete for 20241230_rosa26_pos_2_JR12700_S142_L008_R1_001.fastq.gz
Approx 70% complete for 20241230_rosa26_pos_2_JR12700_S142_L008_R1_001.fastq.gz
Approx 75% complete for 20241230_rosa26_pos_2_JR12700_S142_L008_R1_001.fastq.gz
Approx 80% complete for 20241230_rosa26_pos_2_JR12700_S142_L008_R1_001.fastq.gz
Approx 85% complete for 20241230_rosa26_pos_2_JR12700_S142_L008_R1_001.fastq.gz
Approx 90% complete for 20241230_rosa26_pos_2_JR12700_S142_L008_R1_001.fastq.gz
Approx 95% complete for 20241230_rosa26_pos_2_JR12700_S142_L008_R1_001.fastq.gz
